<?xml version="1.0" encoding="UTF-8"?>
<testng-results ignored="0" total="8" passed="7" failed="1" skipped="0">
  <reporter-output>
  </reporter-output>
  <suite started-at="2022-12-05T12:19:25 IST" name="Default suite" finished-at="2022-12-05T12:20:12 IST" duration-ms="47658">
    <groups>
    </groups>
    <test started-at="2022-12-05T12:19:25 IST" name="Default test" finished-at="2022-12-05T12:20:12 IST" duration-ms="47658">
      <class name="Test_Scenarios.Test_Methods">
        <test-method signature="readConfig()[pri:0, instance:Test_Scenarios.Test_Methods@428640fa]" started-at="2022-12-05T12:19:25 IST" name="readConfig" finished-at="2022-12-05T12:19:25 IST" duration-ms="9" status="PASS">
          <reporter-output>
          </reporter-output>
        </test-method> <!-- readConfig -->
        <test-method signature="open_Browser()[pri:1, instance:Test_Scenarios.Test_Methods@428640fa]" started-at="2022-12-05T12:19:25 IST" name="open_Browser" finished-at="2022-12-05T12:19:27 IST" duration-ms="2356" status="PASS">
          <reporter-output>
          </reporter-output>
        </test-method> <!-- open_Browser -->
        <test-method signature="login()[pri:2, instance:Test_Scenarios.Test_Methods@428640fa]" started-at="2022-12-05T12:19:27 IST" name="login" finished-at="2022-12-05T12:19:31 IST" duration-ms="3654" status="PASS">
          <reporter-output>
          </reporter-output>
        </test-method> <!-- login -->
        <test-method signature="compare_Products()[pri:3, instance:Test_Scenarios.Test_Methods@428640fa]" started-at="2022-12-05T12:19:31 IST" name="compare_Products" finished-at="2022-12-05T12:19:50 IST" duration-ms="19817" status="PASS">
          <reporter-output>
          </reporter-output>
        </test-method> <!-- compare_Products -->
        <test-method signature="add_To_Cart()[pri:4, instance:Test_Scenarios.Test_Methods@428640fa]" started-at="2022-12-05T12:19:50 IST" name="add_To_Cart" finished-at="2022-12-05T12:20:03 IST" duration-ms="12519" status="FAIL">
          <exception class="java.lang.AssertionError">
            <message>
              <![CDATA[expected [true] but found [false]]]>
            </message>
            <full-stacktrace>
              <![CDATA[java.lang.AssertionError: expected [true] but found [false]
at org.testng.Assert.fail(Assert.java:110)
at org.testng.Assert.failNotEquals(Assert.java:1413)
at org.testng.Assert.assertTrue(Assert.java:56)
at org.testng.Assert.assertTrue(Assert.java:66)
at Test_Scenarios.Test_Methods.add_To_Cart(Test_Methods.java:131)
at java.base/jdk.internal.reflect.NativeMethodAccessorImpl.invoke0(Native Method)
at java.base/jdk.internal.reflect.NativeMethodAccessorImpl.invoke(NativeMethodAccessorImpl.java:77)
at java.base/jdk.internal.reflect.DelegatingMethodAccessorImpl.invoke(DelegatingMethodAccessorImpl.java:43)
at java.base/java.lang.reflect.Method.invoke(Method.java:568)
at org.testng.internal.invokers.MethodInvocationHelper.invokeMethod(MethodInvocationHelper.java:139)
at org.testng.internal.invokers.TestInvoker.invokeMethod(TestInvoker.java:677)
at org.testng.internal.invokers.TestInvoker.invokeTestMethod(TestInvoker.java:221)
at org.testng.internal.invokers.MethodRunner.runInSequence(MethodRunner.java:50)
at org.testng.internal.invokers.TestInvoker$MethodInvocationAgent.invoke(TestInvoker.java:962)
at org.testng.internal.invokers.TestInvoker.invokeTestMethods(TestInvoker.java:194)
at org.testng.internal.invokers.TestMethodWorker.invokeTestMethods(TestMethodWorker.java:148)
at org.testng.internal.invokers.TestMethodWorker.run(TestMethodWorker.java:128)
at java.base/java.util.ArrayList.forEach(ArrayList.java:1511)
at org.testng.TestRunner.privateRun(TestRunner.java:806)
at org.testng.TestRunner.run(TestRunner.java:601)
at org.testng.SuiteRunner.runTest(SuiteRunner.java:433)
at org.testng.SuiteRunner.runSequentially(SuiteRunner.java:427)
at org.testng.SuiteRunner.privateRun(SuiteRunner.java:387)
at org.testng.SuiteRunner.run(SuiteRunner.java:330)
at org.testng.SuiteRunnerWorker.runSuite(SuiteRunnerWorker.java:52)
at org.testng.SuiteRunnerWorker.run(SuiteRunnerWorker.java:95)
at org.testng.TestNG.runSuitesSequentially(TestNG.java:1256)
at org.testng.TestNG.runSuitesLocally(TestNG.java:1176)
at org.testng.TestNG.runSuites(TestNG.java:1099)
at org.testng.TestNG.run(TestNG.java:1067)
at org.testng.remote.AbstractRemoteTestNG.run(AbstractRemoteTestNG.java:115)
at org.testng.remote.RemoteTestNG.initAndRun(RemoteTestNG.java:251)
at org.testng.remote.RemoteTestNG.main(RemoteTestNG.java:77)
]]>
            </full-stacktrace>
          </exception> <!-- java.lang.AssertionError -->
          <reporter-output>
          </reporter-output>
        </test-method> <!-- add_To_Cart -->
        <test-method signature="remove_Products_From_Compare()[pri:5, instance:Test_Scenarios.Test_Methods@428640fa]" started-at="2022-12-05T12:20:03 IST" name="remove_Products_From_Compare" finished-at="2022-12-05T12:20:11 IST" duration-ms="7680" status="PASS">
          <reporter-output>
          </reporter-output>
        </test-method> <!-- remove_Products_From_Compare -->
        <test-method signature="verifyLayout()[pri:6, instance:Test_Scenarios.Test_Methods@428640fa]" started-at="2022-12-05T12:20:11 IST" name="verifyLayout" finished-at="2022-12-05T12:20:11 IST" duration-ms="248" status="PASS">
          <reporter-output>
          </reporter-output>
        </test-method> <!-- verifyLayout -->
        <test-method signature="verifySortByOrder()[pri:7, instance:Test_Scenarios.Test_Methods@428640fa]" started-at="2022-12-05T12:20:11 IST" name="verifySortByOrder" finished-at="2022-12-05T12:20:12 IST" duration-ms="1318" status="PASS">
          <reporter-output>
          </reporter-output>
        </test-method> <!-- verifySortByOrder -->
      </class> <!-- Test_Scenarios.Test_Methods -->
    </test> <!-- Default test -->
  </suite> <!-- Default suite -->
</testng-results>
